e:\个人\vc\exercise\商场导购系统\shoppingguide\shoppingguide\debug\shoppingguide.pch
e:\个人\vc\exercise\商场导购系统\shoppingguide\shoppingguide\debug\vc120.pdb
e:\个人\vc\exercise\商场导购系统\shoppingguide\shoppingguide\debug\vc120.idb
e:\个人\vc\exercise\商场导购系统\shoppingguide\shoppingguide\debug\stdafx.obj
e:\个人\vc\exercise\商场导购系统\shoppingguide\shoppingguide\debug\ado.obj
e:\个人\vc\exercise\商场导购系统\shoppingguide\shoppingguide\debug\feedback.obj
e:\个人\vc\exercise\商场导购系统\shoppingguide\shoppingguide\debug\findroad.obj
e:\个人\vc\exercise\商场导购系统\shoppingguide\shoppingguide\debug\shoppingguide.obj
e:\个人\vc\exercise\商场导购系统\shoppingguide\shoppingguide\debug\shoppingguidedlg.obj
e:\个人\vc\exercise\商场导购系统\shoppingguide\debug\shoppingguide.ilk
e:\个人\vc\exercise\商场导购系统\shoppingguide\debug\shoppingguide.exe
e:\个人\vc\exercise\商场导购系统\shoppingguide\debug\shoppingguide.pdb
e:\个人\vc\exercise\商场导购系统\shoppingguide\shoppingguide\debug\shoppingguide.res
e:\个人\vc\exercise\商场导购系统\shoppingguide\shoppingguide\debug\msado15.tli
e:\个人\vc\exercise\商场导购系统\shoppingguide\shoppingguide\debug\msjro.tli
e:\个人\vc\exercise\商场导购系统\shoppingguide\shoppingguide\debug\msado15.tlh
e:\个人\vc\exercise\商场导购系统\shoppingguide\shoppingguide\debug\msjro.tlh
e:\个人\vc\exercise\商场导购系统\shoppingguide\shoppingguide\debug\shoppingguide.tlog\cl.command.1.tlog
e:\个人\vc\exercise\商场导购系统\shoppingguide\shoppingguide\debug\shoppingguide.tlog\cl.read.1.tlog
e:\个人\vc\exercise\商场导购系统\shoppingguide\shoppingguide\debug\shoppingguide.tlog\cl.write.1.tlog
e:\个人\vc\exercise\商场导购系统\shoppingguide\shoppingguide\debug\shoppingguide.tlog\link.command.1.tlog
e:\个人\vc\exercise\商场导购系统\shoppingguide\shoppingguide\debug\shoppingguide.tlog\link.read.1.tlog
e:\个人\vc\exercise\商场导购系统\shoppingguide\shoppingguide\debug\shoppingguide.tlog\link.write.1.tlog
e:\个人\vc\exercise\商场导购系统\shoppingguide\shoppingguide\debug\shoppingguide.tlog\rc.command.1.tlog
e:\个人\vc\exercise\商场导购系统\shoppingguide\shoppingguide\debug\shoppingguide.tlog\rc.read.1.tlog
e:\个人\vc\exercise\商场导购系统\shoppingguide\shoppingguide\debug\shoppingguide.tlog\rc.write.1.tlog
